-------------------------------------------------------------------------------
Test set: Gmail login
-------------------------------------------------------------------------------
Tests run: 1, Failures: 1, Errors: 0, Skipped: 0, Time elapsed: 26.40 s <<< FAILURE! -- in Gmail login
Gmail login.Login to Gmail and land on home page -- Time elapsed: 26.40 s <<< FAILURE!
java.lang.AssertionError
	at org.junit.Assert.fail(Assert.java:86)
	at org.junit.Assert.fail(Assert.java:95)
	at stepdefinition.GmailLoginSD.click_search(GmailLoginSD.java:32)
	at âœ½.click on search(file:///C:/Users/akarkare/Akshay/Personal/Automation/Selenium/NewProject/Selenium/SeleniumWithCucumber/src/test/java/features/test2.feature:8)

